<?xml version="1.0" encoding="UTF-8"?>
<!-- Generated by org.testng.reporters.JUnitReportReporter -->
<testsuite hostname="DESKTOP-5FMKP61" failures="0" tests="1" name="com.qa.runner.TestRunner" time="0.056" errors="0" timestamp="03 Mar 2020 11:22:00 GMT" skipped="0">
  <testcase classname="com.qa.runner.TestRunner" name="feature" time="0.056"/>
</testsuite> <!-- com.qa.runner.TestRunner -->
