<?xml version="1.0" encoding="UTF-8"?>
<!-- Generated by org.testng.reporters.JUnitReportReporter -->
<testsuite hostname="DESKTOP-5FMKP61" failures="0" tests="1" name="Test_Challenge.Test_Challenge.FunctionalTest" time="41.773" errors="0" timestamp="03 Mar 2020 12:34:37 GMT" skipped="0">
  <testcase classname="Test_Challenge.Test_Challenge.FunctionalTest" name="verifyOrderPlacement" time="41.773"/>
</testsuite> <!-- Test_Challenge.Test_Challenge.FunctionalTest -->
