<?xml version="1.0" encoding="UTF-8"?>
<!-- Generated by org.testng.reporters.JUnitReportReporter -->
<testsuite hostname="DESKTOP-5FMKP61" failures="0" tests="1" name="Test_Challenge.Test_Challenge.Sample" time="21.768" errors="0" timestamp="03 Mar 2020 02:05:23 GMT" skipped="0">
  <testcase classname="Test_Challenge.Test_Challenge.Sample" name="SampleTest" time="21.768"/>
</testsuite> <!-- Test_Challenge.Test_Challenge.Sample -->
